CRITICAL - 2022-06-25 10:47:40 --> Undefined index: nama_lengkap_pesertadidik
in APPPATH\Views\superadmin\v_guru.php on line 82.
 1 APPPATH\Views\superadmin\v_guru.php(82): CodeIgniter\Debug\Exceptions->errorHandler(8, 'Undefined index: nama_lengkap_pesertadidik', 'APPPATH\\Views\\superadmin\\v_guru.php', 82, [...])
 2 SYSTEMPATH\View\View.php(213): include('APPPATH\\Views\\superadmin\\v_guru.php')
 3 SYSTEMPATH\View\View.php(216): CodeIgniter\View\View->CodeIgniter\View\{closure}()
 4 SYSTEMPATH\Common.php(1135): CodeIgniter\View\View->render('superadmin/v_guru', [], true)
 5 APPPATH\Controllers\Superadmin.php(361): view('superadmin/v_guru', [...])
 6 SYSTEMPATH\CodeIgniter.php(896): App\Controllers\Superadmin->Guru()
 7 SYSTEMPATH\CodeIgniter.php(466): CodeIgniter\CodeIgniter->runController(Object(App\Controllers\Superadmin))
 8 SYSTEMPATH\CodeIgniter.php(349): CodeIgniter\CodeIgniter->handleRequest(null, Object(Config\Cache), false)
 9 FCPATH\index.php(55): CodeIgniter\CodeIgniter->run()
CRITICAL - 2022-06-25 11:02:55 --> Invalid file: superadmin/v_matapelajaran.php
in SYSTEMPATH\Exceptions\FrameworkException.php on line 33.
 1 SYSTEMPATH\View\View.php(201): CodeIgniter\Exceptions\FrameworkException::forInvalidFile('superadmin/v_matapelajaran.php')
 2 SYSTEMPATH\Common.php(1135): CodeIgniter\View\View->render('superadmin/v_matapelajaran', [], true)
 3 APPPATH\Controllers\Superadmin.php(404): view('superadmin/v_matapelajaran', [...])
 4 SYSTEMPATH\CodeIgniter.php(896): App\Controllers\Superadmin->Kelas()
 5 SYSTEMPATH\CodeIgniter.php(466): CodeIgniter\CodeIgniter->runController(Object(App\Controllers\Superadmin))
 6 SYSTEMPATH\CodeIgniter.php(349): CodeIgniter\CodeIgniter->handleRequest(null, Object(Config\Cache), false)
 7 FCPATH\index.php(55): CodeIgniter\CodeIgniter->run()
CRITICAL - 2022-06-25 11:03:50 --> There is no data to insert.
in SYSTEMPATH\BaseModel.php on line 718.
 1 SYSTEMPATH\BaseModel.php(718): CodeIgniter\Database\Exceptions\DataException::forEmptyDataset('insert')
 2 SYSTEMPATH\Model.php(666): CodeIgniter\BaseModel->insert([], true)
 3 APPPATH\Controllers\Superadmin.php(412): CodeIgniter\Model->insert([...])
 4 SYSTEMPATH\CodeIgniter.php(896): App\Controllers\Superadmin->TambahDataKelas()
 5 SYSTEMPATH\CodeIgniter.php(466): CodeIgniter\CodeIgniter->runController(Object(App\Controllers\Superadmin))
 6 SYSTEMPATH\CodeIgniter.php(349): CodeIgniter\CodeIgniter->handleRequest(null, Object(Config\Cache), false)
 7 FCPATH\index.php(55): CodeIgniter\CodeIgniter->run()
ERROR - 2022-06-25 11:06:10 --> Duplicate entry '0' for key 'PRIMARY'
CRITICAL - 2022-06-25 11:06:10 --> Duplicate entry '0' for key 'PRIMARY'
in SYSTEMPATH\Database\MySQLi\Connection.php on line 292.
 1 SYSTEMPATH\Database\MySQLi\Connection.php(292): mysqli->query('INSERT INTO `tbl_kelas` (`nama_kelas`, `created_at`, `updated_at`) VALUES (\'xxxxx\', \'2022-06-25 11:06:10\', \'2022-06-25 11:06:10\')', 0)
 2 SYSTEMPATH\Database\BaseConnection.php(695): CodeIgniter\Database\MySQLi\Connection->execute('INSERT INTO `tbl_kelas` (`nama_kelas`, `created_at`, `updated_at`) VALUES (\'xxxxx\', \'2022-06-25 11:06:10\', \'2022-06-25 11:06:10\')')
 3 SYSTEMPATH\Database\BaseConnection.php(609): CodeIgniter\Database\BaseConnection->simpleQuery('INSERT INTO `tbl_kelas` (`nama_kelas`, `created_at`, `updated_at`) VALUES (\'xxxxx\', \'2022-06-25 11:06:10\', \'2022-06-25 11:06:10\')')
 4 SYSTEMPATH\Database\BaseBuilder.php(1904): CodeIgniter\Database\BaseConnection->query('INSERT INTO `tbl_kelas` (`nama_kelas`, `created_at`, `updated_at`) VALUES (:nama_kelas:, :created_at:, :updated_at:)', [...], false)
 5 SYSTEMPATH\Model.php(278): CodeIgniter\Database\BaseBuilder->insert()
 6 SYSTEMPATH\BaseModel.php(738): CodeIgniter\Model->doInsert([...])
 7 SYSTEMPATH\Model.php(666): CodeIgniter\BaseModel->insert([...], true)
 8 APPPATH\Controllers\Superadmin.php(412): CodeIgniter\Model->insert([...])
 9 SYSTEMPATH\CodeIgniter.php(896): App\Controllers\Superadmin->TambahDataKelas()
10 SYSTEMPATH\CodeIgniter.php(466): CodeIgniter\CodeIgniter->runController(Object(App\Controllers\Superadmin))
11 SYSTEMPATH\CodeIgniter.php(349): CodeIgniter\CodeIgniter->handleRequest(null, Object(Config\Cache), false)
12 FCPATH\index.php(55): CodeIgniter\CodeIgniter->run()
CRITICAL - 2022-06-25 12:49:03 --> Undefined variable: validation
in APPPATH\Views\superadmin\v_guru.php on line 166.
 1 APPPATH\Views\superadmin\v_guru.php(166): CodeIgniter\Debug\Exceptions->errorHandler(8, 'Undefined variable: validation', 'APPPATH\\Views\\superadmin\\v_guru.php', 166, [...])
 2 SYSTEMPATH\View\View.php(213): include('APPPATH\\Views\\superadmin\\v_guru.php')
 3 SYSTEMPATH\View\View.php(216): CodeIgniter\View\View->CodeIgniter\View\{closure}()
 4 SYSTEMPATH\Common.php(1135): CodeIgniter\View\View->render('superadmin/v_guru', [], true)
 5 APPPATH\Controllers\Superadmin.php(362): view('superadmin/v_guru', [...])
 6 SYSTEMPATH\CodeIgniter.php(896): App\Controllers\Superadmin->Guru()
 7 SYSTEMPATH\CodeIgniter.php(466): CodeIgniter\CodeIgniter->runController(Object(App\Controllers\Superadmin))
 8 SYSTEMPATH\CodeIgniter.php(349): CodeIgniter\CodeIgniter->handleRequest(null, Object(Config\Cache), false)
 9 FCPATH\index.php(55): CodeIgniter\CodeIgniter->run()
CRITICAL - 2022-06-25 12:49:31 --> Undefined variable: validation
in APPPATH\Views\superadmin\v_guru.php on line 166.
 1 APPPATH\Views\superadmin\v_guru.php(166): CodeIgniter\Debug\Exceptions->errorHandler(8, 'Undefined variable: validation', 'APPPATH\\Views\\superadmin\\v_guru.php', 166, [...])
 2 SYSTEMPATH\View\View.php(213): include('APPPATH\\Views\\superadmin\\v_guru.php')
 3 SYSTEMPATH\View\View.php(216): CodeIgniter\View\View->CodeIgniter\View\{closure}()
 4 SYSTEMPATH\Common.php(1135): CodeIgniter\View\View->render('superadmin/v_guru', [], true)
 5 APPPATH\Controllers\Superadmin.php(362): view('superadmin/v_guru', [...])
 6 SYSTEMPATH\CodeIgniter.php(896): App\Controllers\Superadmin->Guru()
 7 SYSTEMPATH\CodeIgniter.php(466): CodeIgniter\CodeIgniter->runController(Object(App\Controllers\Superadmin))
 8 SYSTEMPATH\CodeIgniter.php(349): CodeIgniter\CodeIgniter->handleRequest(null, Object(Config\Cache), false)
 9 FCPATH\index.php(55): CodeIgniter\CodeIgniter->run()
CRITICAL - 2022-06-25 12:59:21 --> Undefined variable: validation
in APPPATH\Views\superadmin\v_guru.php on line 166.
 1 APPPATH\Views\superadmin\v_guru.php(166): CodeIgniter\Debug\Exceptions->errorHandler(8, 'Undefined variable: validation', 'APPPATH\\Views\\superadmin\\v_guru.php', 166, [...])
 2 SYSTEMPATH\View\View.php(213): include('APPPATH\\Views\\superadmin\\v_guru.php')
 3 SYSTEMPATH\View\View.php(216): CodeIgniter\View\View->CodeIgniter\View\{closure}()
 4 SYSTEMPATH\Common.php(1135): CodeIgniter\View\View->render('superadmin/v_guru', [], true)
 5 APPPATH\Controllers\Superadmin.php(362): view('superadmin/v_guru', [...])
 6 SYSTEMPATH\CodeIgniter.php(896): App\Controllers\Superadmin->Guru()
 7 SYSTEMPATH\CodeIgniter.php(466): CodeIgniter\CodeIgniter->runController(Object(App\Controllers\Superadmin))
 8 SYSTEMPATH\CodeIgniter.php(349): CodeIgniter\CodeIgniter->handleRequest(null, Object(Config\Cache), false)
 9 FCPATH\index.php(55): CodeIgniter\CodeIgniter->run()
CRITICAL - 2022-06-25 12:59:24 --> Undefined variable: validation
in APPPATH\Views\superadmin\v_guru.php on line 166.
 1 APPPATH\Views\superadmin\v_guru.php(166): CodeIgniter\Debug\Exceptions->errorHandler(8, 'Undefined variable: validation', 'APPPATH\\Views\\superadmin\\v_guru.php', 166, [...])
 2 SYSTEMPATH\View\View.php(213): include('APPPATH\\Views\\superadmin\\v_guru.php')
 3 SYSTEMPATH\View\View.php(216): CodeIgniter\View\View->CodeIgniter\View\{closure}()
 4 SYSTEMPATH\Common.php(1135): CodeIgniter\View\View->render('superadmin/v_guru', [], true)
 5 APPPATH\Controllers\Superadmin.php(362): view('superadmin/v_guru', [...])
 6 SYSTEMPATH\CodeIgniter.php(896): App\Controllers\Superadmin->Guru()
 7 SYSTEMPATH\CodeIgniter.php(466): CodeIgniter\CodeIgniter->runController(Object(App\Controllers\Superadmin))
 8 SYSTEMPATH\CodeIgniter.php(349): CodeIgniter\CodeIgniter->handleRequest(null, Object(Config\Cache), false)
 9 FCPATH\index.php(55): CodeIgniter\CodeIgniter->run()
CRITICAL - 2022-06-25 12:59:26 --> Undefined variable: validation
in APPPATH\Views\superadmin\v_guru.php on line 166.
 1 APPPATH\Views\superadmin\v_guru.php(166): CodeIgniter\Debug\Exceptions->errorHandler(8, 'Undefined variable: validation', 'APPPATH\\Views\\superadmin\\v_guru.php', 166, [...])
 2 SYSTEMPATH\View\View.php(213): include('APPPATH\\Views\\superadmin\\v_guru.php')
 3 SYSTEMPATH\View\View.php(216): CodeIgniter\View\View->CodeIgniter\View\{closure}()
 4 SYSTEMPATH\Common.php(1135): CodeIgniter\View\View->render('superadmin/v_guru', [], true)
 5 APPPATH\Controllers\Superadmin.php(362): view('superadmin/v_guru', [...])
 6 SYSTEMPATH\CodeIgniter.php(896): App\Controllers\Superadmin->Guru()
 7 SYSTEMPATH\CodeIgniter.php(466): CodeIgniter\CodeIgniter->runController(Object(App\Controllers\Superadmin))
 8 SYSTEMPATH\CodeIgniter.php(349): CodeIgniter\CodeIgniter->handleRequest(null, Object(Config\Cache), false)
 9 FCPATH\index.php(55): CodeIgniter\CodeIgniter->run()
CRITICAL - 2022-06-25 13:00:37 --> Undefined variable: validation
in APPPATH\Views\superadmin\v_guru.php on line 166.
 1 APPPATH\Views\superadmin\v_guru.php(166): CodeIgniter\Debug\Exceptions->errorHandler(8, 'Undefined variable: validation', 'APPPATH\\Views\\superadmin\\v_guru.php', 166, [...])
 2 SYSTEMPATH\View\View.php(213): include('APPPATH\\Views\\superadmin\\v_guru.php')
 3 SYSTEMPATH\View\View.php(216): CodeIgniter\View\View->CodeIgniter\View\{closure}()
 4 SYSTEMPATH\Common.php(1135): CodeIgniter\View\View->render('superadmin/v_guru', [], true)
 5 APPPATH\Controllers\Superadmin.php(363): view('superadmin/v_guru', [...])
 6 SYSTEMPATH\CodeIgniter.php(896): App\Controllers\Superadmin->Guru()
 7 SYSTEMPATH\CodeIgniter.php(466): CodeIgniter\CodeIgniter->runController(Object(App\Controllers\Superadmin))
 8 SYSTEMPATH\CodeIgniter.php(349): CodeIgniter\CodeIgniter->handleRequest(null, Object(Config\Cache), false)
 9 FCPATH\index.php(55): CodeIgniter\CodeIgniter->run()
CRITICAL - 2022-06-25 13:02:15 --> Undefined variable: validation
in APPPATH\Views\superadmin\v_guru.php on line 166.
 1 APPPATH\Views\superadmin\v_guru.php(166): CodeIgniter\Debug\Exceptions->errorHandler(8, 'Undefined variable: validation', 'APPPATH\\Views\\superadmin\\v_guru.php', 166, [...])
 2 SYSTEMPATH\View\View.php(213): include('APPPATH\\Views\\superadmin\\v_guru.php')
 3 SYSTEMPATH\View\View.php(216): CodeIgniter\View\View->CodeIgniter\View\{closure}()
 4 SYSTEMPATH\Common.php(1135): CodeIgniter\View\View->render('superadmin/v_guru', [], true)
 5 APPPATH\Controllers\Superadmin.php(362): view('superadmin/v_guru', [...])
 6 SYSTEMPATH\CodeIgniter.php(896): App\Controllers\Superadmin->Guru()
 7 SYSTEMPATH\CodeIgniter.php(466): CodeIgniter\CodeIgniter->runController(Object(App\Controllers\Superadmin))
 8 SYSTEMPATH\CodeIgniter.php(349): CodeIgniter\CodeIgniter->handleRequest(null, Object(Config\Cache), false)
 9 FCPATH\index.php(55): CodeIgniter\CodeIgniter->run()
